<?xml version="1.0" encoding="UTF-8"?>
<testng-results skipped="0" failed="0" ignored="0" total="1" passed="1">
  <reporter-output>
  </reporter-output>
  <suite name="Default suite" duration-ms="15425" started-at="2019-12-19T23:44:02 IST" finished-at="2019-12-19T23:44:17 IST">
    <groups>
    </groups>
    <test name="Default test" duration-ms="15425" started-at="2019-12-19T23:44:02 IST" finished-at="2019-12-19T23:44:17 IST">
      <class name="com.Google.TestCases.LoginTest">
        <test-method status="PASS" signature="testMethodSetup()[pri:0, instance:com.Google.TestCases.LoginTest@49fc609f]" name="testMethodSetup" is-config="true" duration-ms="8963" started-at="2019-12-19T23:44:02 IST" finished-at="2019-12-19T23:44:11 IST">
          <reporter-output>
          </reporter-output>
        </test-method> <!-- testMethodSetup -->
        <test-method status="PASS" signature="testlogin()[pri:0, instance:com.Google.TestCases.LoginTest@49fc609f]" name="testlogin" duration-ms="3631" started-at="2019-12-19T23:44:11 IST" finished-at="2019-12-19T23:44:15 IST">
          <reporter-output>
          </reporter-output>
        </test-method> <!-- testlogin -->
        <test-method status="PASS" signature="testMethodCleanup()[pri:0, instance:com.Google.TestCases.LoginTest@49fc609f]" name="testMethodCleanup" is-config="true" duration-ms="2767" started-at="2019-12-19T23:44:15 IST" finished-at="2019-12-19T23:44:17 IST">
          <reporter-output>
          </reporter-output>
        </test-method> <!-- testMethodCleanup -->
      </class> <!-- com.Google.TestCases.LoginTest -->
    </test> <!-- Default test -->
  </suite> <!-- Default suite -->
</testng-results>
